<?xml version="1.0" encoding="UTF-8"?>
<!-- Generated by org.testng.reporters.JUnitReportReporter -->
<testsuite hostname="DESKTOP-0VG4TTE" failures="0" tests="1" name="com.techblog.scripts.AdminAdReCate" time="6.591" errors="0" timestamp="2022-03-17T10:00:00 IST" skipped="0">
  <testcase classname="com.techblog.scripts.AdminAdReCate" name="verifyAdminLogin" time="6.591"/>
  <system-out/>
</testsuite> <!-- com.techblog.scripts.AdminAdReCate -->
