<?xml version="1.0" encoding="UTF-8"?>
<!-- Generated by org.testng.reporters.JUnitReportReporter -->
<testsuite hostname="DESKTOP-0VG4TTE" failures="0" tests="4" name="com.techblog.scripts.TCLogin" time="15.339" errors="0" timestamp="2022-03-14T15:52:35 IST" skipped="0">
  <testcase classname="com.techblog.scripts.TCLogin" name="verifyNullLogin" time="3.179"/>
  <system-out/>
  <testcase classname="com.techblog.scripts.TCLogin" name="verifyInvalidPasswLogin" time="5.041"/>
  <system-out/>
  <testcase classname="com.techblog.scripts.TCLogin" name="verifyInvalidEmailLogin" time="4.911"/>
  <system-out/>
  <testcase classname="com.techblog.scripts.TCLogin" name="verifySignUp" time="2.208"/>
  <system-out/>
</testsuite> <!-- com.techblog.scripts.TCLogin -->
