<?xml version="1.0" encoding="UTF-8"?>
<!-- Generated by org.testng.reporters.JUnitReportReporter -->
<testsuite hostname="DESKTOP-0VG4TTE" failures="0" tests="6" name="com.techblog.scripts.UserSignup" time="47.579" errors="0" timestamp="2022-03-14T15:52:35 IST" skipped="0">
  <testcase classname="com.techblog.scripts.UserSignup" name="verifyNullUserSignup" time="5.718"/>
  <system-out/>
  <testcase classname="com.techblog.scripts.UserSignup" name="verifyInvalidUserName" time="10.451"/>
  <system-out/>
  <testcase classname="com.techblog.scripts.UserSignup" name="verifyInvalidUserEmail" time="8.520"/>
  <system-out/>
  <testcase classname="com.techblog.scripts.UserSignup" name="verifyInvalidPassword" time="6.734"/>
  <system-out/>
  <testcase classname="com.techblog.scripts.UserSignup" name="verifyInValidPassword2" time="7.889"/>
  <system-out/>
  <testcase classname="com.techblog.scripts.UserSignup" name="verifyValidUserSignup" time="8.267"/>
  <system-out/>
</testsuite> <!-- com.techblog.scripts.UserSignup -->
