<?xml version="1.0" encoding="UTF-8"?>
<!-- Generated by org.testng.reporters.JUnitReportReporter -->
<testsuite hostname="DESKTOP-0VG4TTE" failures="0" tests="6" name="com.techblog.scripts.TestClass" time="37.812" errors="0" timestamp="2022-03-14T15:52:35 IST" skipped="1">
  <testcase classname="com.techblog.scripts.TestClass" name="verifyLandingPage" time="2.153"/>
  <system-out/>
  <testcase classname="com.techblog.scripts.TestClass" name="varifyingFeedback" time="11.129"/>
  <system-out/>
  <testcase classname="com.techblog.scripts.TestClass" name="varifyingContactUs" time="6.106"/>
  <system-out/>
  <testcase classname="com.techblog.scripts.TestClass" name="varifyingLatestArticles" time="10.755"/>
  <system-out/>
  <testcase classname="com.techblog.scripts.TestClass" name="varifyingCategories" time="7.669"/>
  <system-out/>
  <testcase classname="com.techblog.scripts.TestClass" name="varifyingAboutUs">
    <skipped/>
  </testcase> <!-- varifyingAboutUs -->
  <system-out/>
</testsuite> <!-- com.techblog.scripts.TestClass -->
