<?xml version="1.0" encoding="UTF-8"?>
<!-- Generated by org.testng.reporters.JUnitReportReporter -->
<testsuite hostname="DESKTOP-0VG4TTE" failures="0" tests="4" name="com.techblog.scripts.TrainerSignUp" time="21.345" errors="0" timestamp="2022-03-14T15:52:35 IST" skipped="0">
  <testcase classname="com.techblog.scripts.TrainerSignUp" name="verifyInvalidTrainerEmail" time="6.301"/>
  <system-out/>
  <testcase classname="com.techblog.scripts.TrainerSignUp" name="verifyInvalidPasswordTrainerSignup" time="3.400"/>
  <system-out/>
  <testcase classname="com.techblog.scripts.TrainerSignUp" name="verifyValidTrainerSignup" time="9.423"/>
  <system-out/>
  <testcase classname="com.techblog.scripts.TrainerSignUp" name="verifySignin" time="2.221"/>
  <system-out/>
</testsuite> <!-- com.techblog.scripts.TrainerSignUp -->
