<?xml version="1.0" encoding="UTF-8"?>
<!-- Generated by org.testng.reporters.JUnitReportReporter -->
<testsuite hostname="DESKTOP-0VG4TTE" failures="0" tests="1" name="com.techblog.scripts.TCAboutUs" time="0.233" errors="0" timestamp="2022-03-04T12:19:09 IST" skipped="0">
  <testcase classname="com.techblog.scripts.TCAboutUs" name="verifyAboutUs" time="0.233"/>
  <system-out/>
</testsuite> <!-- com.techblog.scripts.TCAboutUs -->
